2020-01-21 09:03:36,978 DEBUG    root            Loaded Command Group: [u'gcloud', u'init']
2020-01-21 09:03:36,981 DEBUG    root            Running [gcloud.init] with arguments: []
2020-01-21 09:03:36,981 INFO     ___FILE_ONLY___ Welcome! This command will take you through the configuration of gcloud.


2020-01-21 09:03:36,983 INFO     ___FILE_ONLY___ Your current configuration has been set to: [default]


2020-01-21 09:03:36,983 INFO     ___FILE_ONLY___ You can skip diagnostics next time by using the following flag:

2020-01-21 09:03:36,983 INFO     ___FILE_ONLY___   gcloud init --skip-diagnostics


2020-01-21 09:03:36,984 INFO     ___FILE_ONLY___ Network diagnostic detects and fixes local network connection issues.

2020-01-21 09:03:36,985 INFO     ___FILE_ONLY___ Checking network connection...
2020-01-21 09:03:38,594 INFO     ___FILE_ONLY___ Reachability Check passed.

2020-01-21 09:03:38,594 INFO     ___FILE_ONLY___ Network diagnostic passed (1/1 checks passed).


2020-01-21 09:03:43,510 DEBUG    root            Loaded Command Group: [u'gcloud', u'auth']
2020-01-21 09:03:43,518 DEBUG    root            Loaded Command Group: [u'gcloud', u'auth', u'login']
2020-01-21 09:03:43,520 INFO     root            Executing: [gcloud auth login --force --brief]
2020-01-21 09:03:43,522 DEBUG    root            Running [gcloud.auth.login] with arguments: [--brief: "True", --force: "True"]
2020-01-21 09:03:52,429 INFO     ___FILE_ONLY___ Go to the following link in your browser:

    https://accounts.google.com/o/oauth2/auth?code_challenge=-p0BmvWTIO60AY0StP1PM2Ul0tLXt67IcetCWCK3kZs&prompt=select_account&code_challenge_method=S256&access_type=offline&redirect_uri=urn%3Aietf%3Awg%3Aoauth%3A2.0%3Aoob&response_type=code&client_id=32555940559.apps.googleusercontent.com&scope=https%3A%2F%2Fwww.googleapis.com%2Fauth%2Fuserinfo.email+https%3A%2F%2Fwww.googleapis.com%2Fauth%2Fcloud-platform+https%3A%2F%2Fwww.googleapis.com%2Fauth%2Fappengine.admin+https%3A%2F%2Fwww.googleapis.com%2Fauth%2Fcompute+https%3A%2F%2Fwww.googleapis.com%2Fauth%2Faccounts.reauth



2020-01-21 09:04:24,333 INFO     oauth2client.client Successfully retrieved access token
2020-01-21 09:04:24,346 INFO     root            Display format: "none"
2020-01-21 09:04:24,348 DEBUG    root            SDK update checks are disabled.
2020-01-21 09:04:24,352 INFO     ___FILE_ONLY___ You are logged in as: [prathmesh.choudhary0597@gmail.com].


2020-01-21 09:04:31,398 INFO     ___FILE_ONLY___ Your current project has been set to: [prathmesh1733528].


2020-01-21 09:04:31,475 DEBUG    root            Loaded Command Group: [u'gcloud', u'compute']
2020-01-21 09:04:31,510 DEBUG    root            Loaded Command Group: [u'gcloud', u'compute', u'project_info']
2020-01-21 09:04:31,525 DEBUG    root            Loaded Command Group: [u'gcloud', u'compute', u'project-info', u'describe']
2020-01-21 09:04:31,526 INFO     root            Executing: [gcloud compute project-info describe --quiet]
2020-01-21 09:04:31,529 DEBUG    root            Running [gcloud.compute.project-info.describe] with arguments: [--no-user-output-enabled: "false", --quiet: "True", --verbosity: "none"]
2020-01-21 09:04:32,186 INFO     root            Display disabled.
2020-01-21 09:04:32,187 DEBUG    root            SDK update checks are disabled.
2020-01-21 09:04:38,826 DEBUG    root            Executing command: [u'/usr/lib/google-cloud-sdk/bin/gsutil', u'config', u'-n', u'-o', u'/home/prathmesh_choudhary0597/.boto']
2020-01-21 09:04:39,911 DEBUG    ___FILE_ONLY___ 
2020-01-21 09:04:39,911 DEBUG    ___FILE_ONLY___ This command will create a boto config file at
/home/prathmesh_choudhary0597/.boto containing your credentials, based
on your responses to the following questions.

Boto config file "/home/prathmesh_choudhary0597/.boto" created. If you
need to use a proxy to access the Internet please see the instructions
in that file.

2020-01-21 09:04:39,912 INFO     ___FILE_ONLY___ Created a default .boto configuration file at [/home/prathmesh_choudhary0597/.boto]. See this file and
[https://cloud.google.com/storage/docs/gsutil/commands/config] for more
information about configuring Google Cloud Storage.

2020-01-21 09:04:39,912 INFO     ___FILE_ONLY___ Your Google Cloud SDK is configured and ready to use!


2020-01-21 09:04:39,913 INFO     ___FILE_ONLY___ * Commands that require authentication will use prathmesh.choudhary0597@gmail.com by default

2020-01-21 09:04:39,913 INFO     ___FILE_ONLY___ * Commands will reference project `prathmesh1733528` by default

2020-01-21 09:04:39,913 INFO     ___FILE_ONLY___ Run `gcloud help config` to learn how to change individual settings


2020-01-21 09:04:39,914 INFO     ___FILE_ONLY___ This gcloud configuration is called [default]. You can create additional configurations if you work with multiple accounts and/or projects.

2020-01-21 09:04:39,914 INFO     ___FILE_ONLY___ Run `gcloud topic configurations` to learn more.


2020-01-21 09:04:39,914 INFO     ___FILE_ONLY___ Some things to try next:


2020-01-21 09:04:39,914 INFO     ___FILE_ONLY___ * Run `gcloud --help` to see the Cloud Platform services you can interact with. And run `gcloud help COMMAND` to get help on any gcloud command.

2020-01-21 09:04:39,915 INFO     ___FILE_ONLY___ * Run `gcloud topic --help` to learn about advanced features of the SDK like arg files and output formatting

2020-01-21 09:04:39,919 INFO     root            Display format: "default"
2020-01-21 09:04:39,920 DEBUG    root            SDK update checks are disabled.
